2026-05-29 10:41:43.824 [main] INFO  org.testng.internal.Utils - [Utils] MethodGroupsHelper.collectMethodsByGroup() took 0 ms.
2026-05-29 10:41:43.832 [main] INFO  org.testng.internal.Utils - [Utils] MethodGroupsHelper.sortMethods() took 0 ms.
2026-05-29 10:41:43.838 [main] INFO  org.testng.internal.Utils - [Utils] MethodGroupsHelper.collectMethodsByGroup() took 0 ms.
2026-05-29 10:41:43.838 [main] INFO  org.testng.internal.Utils - [Utils] MethodGroupsHelper.sortMethods() took 0 ms.
2026-05-29 10:41:43.838 [main] INFO  org.testng.internal.Utils - [Utils] MethodGroupsHelper.collectMethodsByGroup() took 0 ms.
2026-05-29 10:41:43.839 [main] INFO  org.testng.internal.Utils - [Utils] MethodGroupsHelper.sortMethods() took 1 ms.
2026-05-29 10:41:43.840 [main] INFO  org.testng.internal.Utils - [Utils] MethodGroupsHelper.collectMethodsByGroup() took 0 ms.
2026-05-29 10:41:43.849 [main] INFO  org.testng.internal.Utils - [Utils] MethodGroupsHelper.sortMethods() took 9 ms.
2026-05-29 10:41:43.852 [main] INFO  org.testng.internal.Utils - [Utils] MethodGroupsHelper.collectMethodsByGroup() took 0 ms.
2026-05-29 10:41:43.852 [main] INFO  org.testng.internal.Utils - [Utils] MethodGroupsHelper.sortMethods() took 0 ms.
2026-05-29 10:41:43.852 [main] INFO  org.testng.internal.Utils - [Utils] MethodGroupsHelper.collectMethodsByGroup() took 0 ms.
2026-05-29 10:41:43.852 [main] INFO  org.testng.internal.Utils - [Utils] MethodGroupsHelper.sortMethods() took 0 ms.
2026-05-29 10:41:44.232 [main] INFO  org.testng.internal.Utils - [Utils] DynamicGraphHelper.createDynamicGraph() took 8 ms.
2026-05-29 10:41:44.585 [main] INFO  api_test.UserTest - Start of Create User API
2026-05-29 10:41:49.812 [main] INFO  api_test.UserTest - End of Create User API
2026-05-29 10:41:51.603 [main] INFO  api_test.UserTest - User Details is fetched
2026-05-29 10:41:51.606 [main] INFO  api_test.UserTest - get API is Successfully returned Users
2026-05-29 10:41:51.610 [main] INFO  api_test.UserTest - Payload is crated for update user
2026-05-29 10:41:53.334 [main] INFO  api_test.UserTest - User is updated
2026-05-29 10:41:55.150 [main] INFO  api_test.UserTest - User is Deleted
2026-05-29 10:41:55.204 [main] INFO  api_test.UserTest2 - Start of Create User API
2026-05-29 10:41:56.762 [main] INFO  api_test.UserTest2 - End of Create User API
2026-05-29 10:41:59.427 [main] INFO  api_test.UserTest2 - User Details is fetched
2026-05-29 10:41:59.430 [main] INFO  api_test.UserTest2 - get API is Successfully returned Users
2026-05-29 10:41:59.434 [main] INFO  api_test.UserTest2 - Payload is crated for update user
2026-05-29 10:42:01.029 [main] INFO  api_test.UserTest2 - User is updated
2026-05-29 10:42:02.600 [main] INFO  api_test.UserTest2 - User is Deleted
2026-05-29 10:42:04.196 [main] INFO  org.testng.internal.Utils - [TestNG] Time taken by org.testng.reporters.jq.Main@7d364bce: 89 ms
2026-05-29 10:42:04.199 [main] INFO  org.testng.internal.Utils - [TestNG] Time taken by org.testng.reporters.FailedReporter@189f2184: 3 ms
2026-05-29 10:42:04.229 [main] INFO  org.testng.internal.Utils - [TestNG] Time taken by org.testng.reporters.XMLReporter@46d2be66: 30 ms
2026-05-29 10:42:04.240 [main] INFO  org.testng.internal.Utils - [TestNG] Time taken by org.testng.reporters.EmailableReporter2@32180efb: 11 ms
2026-05-29 10:42:04.260 [main] INFO  org.testng.internal.Utils - [TestNG] Time taken by org.testng.reporters.JUnitReportReporter@7d2d5625: 18 ms
2026-05-29 10:42:04.262 [main] INFO  org.testng.internal.Utils - [TestNG] Time taken by org.testng.internal.ExitCodeListener@29a51ff1: 0 ms
2026-05-29 10:56:46.425 [main] INFO  org.testng.internal.Utils - [Utils] MethodGroupsHelper.collectMethodsByGroup() took 1 ms.
2026-05-29 10:56:46.433 [main] INFO  org.testng.internal.Utils - [Utils] MethodGroupsHelper.sortMethods() took 1 ms.
2026-05-29 10:56:46.437 [main] INFO  org.testng.internal.Utils - [Utils] MethodGroupsHelper.collectMethodsByGroup() took 0 ms.
2026-05-29 10:56:46.437 [main] INFO  org.testng.internal.Utils - [Utils] MethodGroupsHelper.sortMethods() took 0 ms.
2026-05-29 10:56:46.439 [main] INFO  org.testng.internal.Utils - [Utils] MethodGroupsHelper.collectMethodsByGroup() took 0 ms.
2026-05-29 10:56:46.439 [main] INFO  org.testng.internal.Utils - [Utils] MethodGroupsHelper.sortMethods() took 0 ms.
2026-05-29 10:56:46.440 [main] INFO  org.testng.internal.Utils - [Utils] MethodGroupsHelper.collectMethodsByGroup() took 0 ms.
2026-05-29 10:56:46.440 [main] INFO  org.testng.internal.Utils - [Utils] MethodGroupsHelper.sortMethods() took 0 ms.
2026-05-29 10:56:46.449 [main] INFO  org.testng.internal.Utils - [Utils] MethodGroupsHelper.collectMethodsByGroup() took 7 ms.
2026-05-29 10:56:46.464 [main] INFO  org.testng.internal.Utils - [Utils] MethodGroupsHelper.sortMethods() took 14 ms.
2026-05-29 10:56:46.468 [main] INFO  org.testng.internal.Utils - [Utils] MethodGroupsHelper.collectMethodsByGroup() took 3 ms.
2026-05-29 10:56:46.468 [main] INFO  org.testng.internal.Utils - [Utils] MethodGroupsHelper.sortMethods() took 0 ms.
